生成启动时间为 2013/12/12 星期四 下午 10:00:01。
     1>项目“C:\Users\Administrator\Documents\Visual Studio 2010\Projects\FireBirdServer\FireBirdServer\FireBirdServer.vcxproj”在节点 2 上(build 个目标)。
     1>InitializeBuildStatus:
         正在创建“Debug\FireBirdServer.unsuccessfulbuild”，因为已指定“AlwaysCreate”。
       ClCompile:
         d:\Program Files\Microsoft Visual Studio 10.0\VC\bin\CL.exe /c /ZI /nologo /W3 /WX- /Od /Oy- /D WIN32 /D _WINDOWS /D _DEBUG /D _UNICODE /D UNICODE /D _AFXDLL /Gm /EHsc /RTC1 /MDd /GS /fp:precise /Zc:wchar_t /Zc:forScope /Yc"StdAfx.h" /Fp"Debug\FireBirdServer.pch" /Fo"Debug\\" /Fd"Debug\vc100.pdb" /Gd /TP /analyze- /errorReport:prompt stdafx.cpp
         stdafx.cpp
         d:\Program Files\Microsoft Visual Studio 10.0\VC\bin\CL.exe /c /ZI /nologo /W3 /WX- /Od /Oy- /D WIN32 /D _WINDOWS /D _DEBUG /D _UNICODE /D UNICODE /D _AFXDLL /Gm /EHsc /RTC1 /MDd /GS /fp:precise /Zc:wchar_t /Zc:forScope /Yu"StdAfx.h" /Fp"Debug\FireBirdServer.pch" /Fo"Debug\\" /Fd"Debug\vc100.pdb" /Gd /TP /analyze- /errorReport:prompt Down.cpp FireBirdServer.cpp FireBirdServerDlg.cpp GlobalVariable.cpp ListenSocket.cpp LoginMsg.cpp RecvSocket.cpp SearchAlgorithm.cpp SearchFile.cpp SendMail.cpp sharedfile.cpp UpFile.cpp userinfo.cpp UserMsg.cpp
         UserMsg.cpp
         userinfo.cpp
         UpFile.cpp
         sharedfile.cpp
         SendMail.cpp
     1>c:\users\administrator\documents\visual studio 2010\projects\firebirdserver\firebirdserver\sendmail.cpp(183): warning C4996: 'sprintf': This function or variable may be unsafe. Consider using sprintf_s instead. To disable deprecation, use _CRT_SECURE_NO_WARNINGS. See online help for details.
                 d:\program files\microsoft visual studio 10.0\vc\include\stdio.h(371) : 参见“sprintf”的声明
     1>c:\users\administrator\documents\visual studio 2010\projects\firebirdserver\firebirdserver\sendmail.cpp(192): warning C4996: 'sprintf': This function or variable may be unsafe. Consider using sprintf_s instead. To disable deprecation, use _CRT_SECURE_NO_WARNINGS. See online help for details.
                 d:\program files\microsoft visual studio 10.0\vc\include\stdio.h(371) : 参见“sprintf”的声明
     1>c:\users\administrator\documents\visual studio 2010\projects\firebirdserver\firebirdserver\sendmail.cpp(226): warning C4996: 'sprintf': This function or variable may be unsafe. Consider using sprintf_s instead. To disable deprecation, use _CRT_SECURE_NO_WARNINGS. See online help for details.
                 d:\program files\microsoft visual studio 10.0\vc\include\stdio.h(371) : 参见“sprintf”的声明
     1>c:\users\administrator\documents\visual studio 2010\projects\firebirdserver\firebirdserver\sendmail.cpp(234): warning C4996: 'sprintf': This function or variable may be unsafe. Consider using sprintf_s instead. To disable deprecation, use _CRT_SECURE_NO_WARNINGS. See online help for details.
                 d:\program files\microsoft visual studio 10.0\vc\include\stdio.h(371) : 参见“sprintf”的声明
     1>c:\users\administrator\documents\visual studio 2010\projects\firebirdserver\firebirdserver\sendmail.cpp(250): warning C4996: 'sprintf': This function or variable may be unsafe. Consider using sprintf_s instead. To disable deprecation, use _CRT_SECURE_NO_WARNINGS. See online help for details.
                 d:\program files\microsoft visual studio 10.0\vc\include\stdio.h(371) : 参见“sprintf”的声明
     1>c:\users\administrator\documents\visual studio 2010\projects\firebirdserver\firebirdserver\sendmail.cpp(253): warning C4996: 'sprintf': This function or variable may be unsafe. Consider using sprintf_s instead. To disable deprecation, use _CRT_SECURE_NO_WARNINGS. See online help for details.
                 d:\program files\microsoft visual studio 10.0\vc\include\stdio.h(371) : 参见“sprintf”的声明
     1>c:\users\administrator\documents\visual studio 2010\projects\firebirdserver\firebirdserver\sendmail.cpp(254): warning C4996: 'sprintf': This function or variable may be unsafe. Consider using sprintf_s instead. To disable deprecation, use _CRT_SECURE_NO_WARNINGS. See online help for details.
                 d:\program files\microsoft visual studio 10.0\vc\include\stdio.h(371) : 参见“sprintf”的声明
     1>c:\users\administrator\documents\visual studio 2010\projects\firebirdserver\firebirdserver\sendmail.cpp(269): warning C4996: 'sprintf': This function or variable may be unsafe. Consider using sprintf_s instead. To disable deprecation, use _CRT_SECURE_NO_WARNINGS. See online help for details.
                 d:\program files\microsoft visual studio 10.0\vc\include\stdio.h(371) : 参见“sprintf”的声明
     1>c:\users\administrator\documents\visual studio 2010\projects\firebirdserver\firebirdserver\sendmail.cpp(297): warning C4996: 'sprintf': This function or variable may be unsafe. Consider using sprintf_s instead. To disable deprecation, use _CRT_SECURE_NO_WARNINGS. See online help for details.
                 d:\program files\microsoft visual studio 10.0\vc\include\stdio.h(371) : 参见“sprintf”的声明
     1>c:\users\administrator\documents\visual studio 2010\projects\firebirdserver\firebirdserver\sendmail.cpp(322): warning C4996: 'sprintf': This function or variable may be unsafe. Consider using sprintf_s instead. To disable deprecation, use _CRT_SECURE_NO_WARNINGS. See online help for details.
                 d:\program files\microsoft visual studio 10.0\vc\include\stdio.h(371) : 参见“sprintf”的声明
     1>c:\users\administrator\documents\visual studio 2010\projects\firebirdserver\firebirdserver\sendmail.cpp(324): warning C4996: 'sprintf': This function or variable may be unsafe. Consider using sprintf_s instead. To disable deprecation, use _CRT_SECURE_NO_WARNINGS. See online help for details.
                 d:\program files\microsoft visual studio 10.0\vc\include\stdio.h(371) : 参见“sprintf”的声明
         SearchFile.cpp
         SearchAlgorithm.cpp
     1>c:\users\administrator\documents\visual studio 2010\projects\firebirdserver\firebirdserver\searchalgorithm.cpp(58): warning C4244: “=”: 从“double”转换到“float”，可能丢失数据
         RecvSocket.cpp
         LoginMsg.cpp
         ListenSocket.cpp
         GlobalVariable.cpp
         FireBirdServerDlg.cpp
         FireBirdServer.cpp
         Down.cpp
         正在生成代码...
       ResourceCompile:
         C:\Program Files\Microsoft SDKs\Windows\v7.0A\bin\rc.exe /D _DEBUG /D _UNICODE /D UNICODE /D _AFXDLL /l"0x0804" /IDebug\ /nologo /fo"Debug\FireBirdServer.res" FireBirdServer.rc 
       ManifestResourceCompile:
         C:\Program Files\Microsoft SDKs\Windows\v7.0A\bin\rc.exe /nologo /fo"Debug\FireBirdServer.exe.embed.manifest.res" Debug\FireBirdServer_manifest.rc 
       Link:
         d:\Program Files\Microsoft Visual Studio 10.0\VC\bin\link.exe /ERRORREPORT:PROMPT /OUT:"C:\Users\Administrator\Documents\Visual Studio 2010\Projects\FireBirdServer\Debug\FireBirdServer.exe" /INCREMENTAL /NOLOGO odbc32.lib /MANIFEST /ManifestFile:"Debug\FireBirdServer.exe.intermediate.manifest" /MANIFESTUAC:"level='asInvoker' uiAccess='false'" /DEBUG /PDB:"C:\Users\Administrator\Documents\Visual Studio 2010\Projects\FireBirdServer\Debug\FireBirdServer.pdb" /SUBSYSTEM:WINDOWS /TLBID:1 /ENTRY:"wWinMainCRTStartup" /DYNAMICBASE /NXCOMPAT /IMPLIB:"C:\Users\Administrator\Documents\Visual Studio 2010\Projects\FireBirdServer\Debug\FireBirdServer.lib" /MACHINE:X86 Debug\FireBirdServer.res
         Debug\FireBirdServer.exe.embed.manifest.res
         Debug\Down.obj
         Debug\FireBirdServer.obj
         Debug\FireBirdServerDlg.obj
         Debug\GlobalVariable.obj
         Debug\ListenSocket.obj
         Debug\LoginMsg.obj
         Debug\RecvSocket.obj
         Debug\SearchAlgorithm.obj
         Debug\SearchFile.obj
         Debug\SendMail.obj
         Debug\sharedfile.obj
         Debug\stdafx.obj
         Debug\UpFile.obj
         Debug\userinfo.obj
         Debug\UserMsg.obj
       Manifest:
         C:\Program Files\Microsoft SDKs\Windows\v7.0A\bin\mt.exe /nologo /verbose /out:"Debug\FireBirdServer.exe.embed.manifest" /manifest Debug\FireBirdServer.exe.intermediate.manifest "d:\Program Files\Microsoft Visual Studio 10.0\VC\Include\Manifest\dpiaware.manifest"
         C:\Program Files\Microsoft SDKs\Windows\v7.0A\bin\rc.exe /nologo /fo"Debug\FireBirdServer.exe.embed.manifest.res" Debug\FireBirdServer_manifest.rc 
       LinkEmbedManifest:
         d:\Program Files\Microsoft Visual Studio 10.0\VC\bin\link.exe /ERRORREPORT:PROMPT /OUT:"C:\Users\Administrator\Documents\Visual Studio 2010\Projects\FireBirdServer\Debug\FireBirdServer.exe" /INCREMENTAL /NOLOGO odbc32.lib /MANIFEST /ManifestFile:"Debug\FireBirdServer.exe.intermediate.manifest" /MANIFESTUAC:"level='asInvoker' uiAccess='false'" /DEBUG /PDB:"C:\Users\Administrator\Documents\Visual Studio 2010\Projects\FireBirdServer\Debug\FireBirdServer.pdb" /SUBSYSTEM:WINDOWS /TLBID:1 /ENTRY:"wWinMainCRTStartup" /DYNAMICBASE /NXCOMPAT /IMPLIB:"C:\Users\Administrator\Documents\Visual Studio 2010\Projects\FireBirdServer\Debug\FireBirdServer.lib" /MACHINE:X86 Debug\FireBirdServer.res
         Debug\FireBirdServer.exe.embed.manifest.res
         Debug\Down.obj
         Debug\FireBirdServer.obj
         Debug\FireBirdServerDlg.obj
         Debug\GlobalVariable.obj
         Debug\ListenSocket.obj
         Debug\LoginMsg.obj
         Debug\RecvSocket.obj
         Debug\SearchAlgorithm.obj
         Debug\SearchFile.obj
         Debug\SendMail.obj
         Debug\sharedfile.obj
         Debug\stdafx.obj
         Debug\UpFile.obj
         Debug\userinfo.obj
         Debug\UserMsg.obj
         FireBirdServer.vcxproj -> C:\Users\Administrator\Documents\Visual Studio 2010\Projects\FireBirdServer\Debug\FireBirdServer.exe
       FinalizeBuildStatus:
         正在删除文件“Debug\FireBirdServer.unsuccessfulbuild”。
         正在对“Debug\FireBirdServer.lastbuildstate”执行 Touch 任务。
     1>已完成生成项目“C:\Users\Administrator\Documents\Visual Studio 2010\Projects\FireBirdServer\FireBirdServer\FireBirdServer.vcxproj”(build 个目标)的操作。

生成成功。

已用时间 00:00:15.61
