生成启动时间为 2013/12/12 星期四 下午 10:00:36。
     1>项目“C:\Users\Administrator\Documents\Visual Studio 2010\Projects\FireBird\FireBird\FireBird.vcxproj”在节点 2 上(build 个目标)。
     1>InitializeBuildStatus:
         正在创建“Debug\FireBird.unsuccessfulbuild”，因为已指定“AlwaysCreate”。
       ClCompile:
         d:\Program Files\Microsoft Visual Studio 10.0\VC\bin\CL.exe /c /ZI /nologo /W3 /WX- /Od /Oy- /D WIN32 /D _WINDOWS /D _DEBUG /D _UNICODE /D UNICODE /D _AFXDLL /Gm /EHsc /RTC1 /MDd /GS /fp:precise /Zc:wchar_t /Zc:forScope /Yc"StdAfx.h" /Fp"Debug\FireBird.pch" /Fo"Debug\\" /Fd"Debug\vc100.pdb" /Gd /TP /analyze- /errorReport:prompt stdafx.cpp
         stdafx.cpp
         d:\Program Files\Microsoft Visual Studio 10.0\VC\bin\CL.exe /c /ZI /nologo /W3 /WX- /Od /Oy- /D WIN32 /D _WINDOWS /D _DEBUG /D _UNICODE /D UNICODE /D _AFXDLL /Gm /EHsc /RTC1 /MDd /GS /fp:precise /Zc:wchar_t /Zc:forScope /Yu"StdAfx.h" /Fp"Debug\FireBird.pch" /Fo"Debug\\" /Fd"Debug\vc100.pdb" /Gd /TP /analyze- /errorReport:prompt AlterPassword.cpp BmpButton.cpp BubleWnd.cpp ChatRoom.cpp Config.cpp DownLoad.cpp FindPassword.cpp FireBird.cpp FireBirdDlg.cpp GlobalVariable.cpp LoginDlg.cpp LogOff.cpp MySocket.cpp ProcessList.cpp RECVPARAM.cpp Register.cpp SearchDlg.cpp SXBtn.cpp UpFile.cpp
         UpFile.cpp
         SXBtn.cpp
         SearchDlg.cpp
         Register.cpp
         RECVPARAM.cpp
         ProcessList.cpp
         MySocket.cpp
         LogOff.cpp
         LoginDlg.cpp
         GlobalVariable.cpp
         FireBirdDlg.cpp
     1>c:\users\administrator\documents\visual studio 2010\projects\firebird\firebird\firebirddlg.cpp(276): warning C4244: “参数”: 从“ULONGLONG”转换到“UINT”，可能丢失数据
     1>c:\users\administrator\documents\visual studio 2010\projects\firebird\firebird\firebirddlg.cpp(277): warning C4244: “参数”: 从“ULONGLONG”转换到“int”，可能丢失数据
         FireBird.cpp
         FindPassword.cpp
         DownLoad.cpp
     1>c:\users\administrator\documents\visual studio 2010\projects\firebird\firebird\download.cpp(143): warning C4996: '_wfopen': This function or variable may be unsafe. Consider using _wfopen_s instead. To disable deprecation, use _CRT_SECURE_NO_WARNINGS. See online help for details.
                 d:\program files\microsoft visual studio 10.0\vc\include\wchar.h(815) : 参见“_wfopen”的声明
     1>c:\users\administrator\documents\visual studio 2010\projects\firebird\firebird\download.cpp(172): warning C4996: 'fwscanf': This function or variable may be unsafe. Consider using fwscanf_s instead. To disable deprecation, use _CRT_SECURE_NO_WARNINGS. See online help for details.
                 d:\program files\microsoft visual studio 10.0\vc\include\wchar.h(791) : 参见“fwscanf”的声明
     1>c:\users\administrator\documents\visual studio 2010\projects\firebird\firebird\download.cpp(173): warning C4996: 'fwscanf': This function or variable may be unsafe. Consider using fwscanf_s instead. To disable deprecation, use _CRT_SECURE_NO_WARNINGS. See online help for details.
                 d:\program files\microsoft visual studio 10.0\vc\include\wchar.h(791) : 参见“fwscanf”的声明
     1>c:\users\administrator\documents\visual studio 2010\projects\firebird\firebird\download.cpp(174): warning C4996: 'fwscanf': This function or variable may be unsafe. Consider using fwscanf_s instead. To disable deprecation, use _CRT_SECURE_NO_WARNINGS. See online help for details.
                 d:\program files\microsoft visual studio 10.0\vc\include\wchar.h(791) : 参见“fwscanf”的声明
     1>c:\users\administrator\documents\visual studio 2010\projects\firebird\firebird\download.cpp(182): warning C4996: 'swscanf': This function or variable may be unsafe. Consider using swscanf_s instead. To disable deprecation, use _CRT_SECURE_NO_WARNINGS. See online help for details.
                 d:\program files\microsoft visual studio 10.0\vc\include\wchar.h(797) : 参见“swscanf”的声明
     1>c:\users\administrator\documents\visual studio 2010\projects\firebird\firebird\download.cpp(183): warning C4996: 'swscanf': This function or variable may be unsafe. Consider using swscanf_s instead. To disable deprecation, use _CRT_SECURE_NO_WARNINGS. See online help for details.
                 d:\program files\microsoft visual studio 10.0\vc\include\wchar.h(797) : 参见“swscanf”的声明
     1>c:\users\administrator\documents\visual studio 2010\projects\firebird\firebird\download.cpp(216): warning C4244: “初始化”: 从“ULONGLONG”转换到“int”，可能丢失数据
     1>c:\users\administrator\documents\visual studio 2010\projects\firebird\firebird\download.cpp(233): warning C4244: “=”: 从“ULONGLONG”转换到“long”，可能丢失数据
     1>c:\users\administrator\documents\visual studio 2010\projects\firebird\firebird\download.cpp(482): warning C4996: '_wfopen': This function or variable may be unsafe. Consider using _wfopen_s instead. To disable deprecation, use _CRT_SECURE_NO_WARNINGS. See online help for details.
                 d:\program files\microsoft visual studio 10.0\vc\include\wchar.h(815) : 参见“_wfopen”的声明
     1>c:\users\administrator\documents\visual studio 2010\projects\firebird\firebird\download.cpp(488): warning C4996: 'fwscanf': This function or variable may be unsafe. Consider using fwscanf_s instead. To disable deprecation, use _CRT_SECURE_NO_WARNINGS. See online help for details.
                 d:\program files\microsoft visual studio 10.0\vc\include\wchar.h(791) : 参见“fwscanf”的声明
     1>c:\users\administrator\documents\visual studio 2010\projects\firebird\firebird\download.cpp(494): warning C4996: 'fwscanf': This function or variable may be unsafe. Consider using fwscanf_s instead. To disable deprecation, use _CRT_SECURE_NO_WARNINGS. See online help for details.
                 d:\program files\microsoft visual studio 10.0\vc\include\wchar.h(791) : 参见“fwscanf”的声明
     1>c:\users\administrator\documents\visual studio 2010\projects\firebird\firebird\download.cpp(495): warning C4996: 'fwscanf': This function or variable may be unsafe. Consider using fwscanf_s instead. To disable deprecation, use _CRT_SECURE_NO_WARNINGS. See online help for details.
                 d:\program files\microsoft visual studio 10.0\vc\include\wchar.h(791) : 参见“fwscanf”的声明
     1>c:\users\administrator\documents\visual studio 2010\projects\firebird\firebird\download.cpp(496): warning C4996: 'fwscanf': This function or variable may be unsafe. Consider using fwscanf_s instead. To disable deprecation, use _CRT_SECURE_NO_WARNINGS. See online help for details.
                 d:\program files\microsoft visual studio 10.0\vc\include\wchar.h(791) : 参见“fwscanf”的声明
     1>c:\users\administrator\documents\visual studio 2010\projects\firebird\firebird\download.cpp(497): warning C4996: 'fwscanf': This function or variable may be unsafe. Consider using fwscanf_s instead. To disable deprecation, use _CRT_SECURE_NO_WARNINGS. See online help for details.
                 d:\program files\microsoft visual studio 10.0\vc\include\wchar.h(791) : 参见“fwscanf”的声明
     1>c:\users\administrator\documents\visual studio 2010\projects\firebird\firebird\download.cpp(498): warning C4996: 'fwscanf': This function or variable may be unsafe. Consider using fwscanf_s instead. To disable deprecation, use _CRT_SECURE_NO_WARNINGS. See online help for details.
                 d:\program files\microsoft visual studio 10.0\vc\include\wchar.h(791) : 参见“fwscanf”的声明
         Config.cpp
     1>c:\users\administrator\documents\visual studio 2010\projects\firebird\firebird\config.cpp(265): warning C4996: '_wsplitpath': This function or variable may be unsafe. Consider using _wsplitpath_s instead. To disable deprecation, use _CRT_SECURE_NO_WARNINGS. See online help for details.
                 d:\program files\microsoft visual studio 10.0\vc\include\wchar.h(948) : 参见“_wsplitpath”的声明
     1>c:\users\administrator\documents\visual studio 2010\projects\firebird\firebird\config.cpp(289): warning C4996: '_wsplitpath': This function or variable may be unsafe. Consider using _wsplitpath_s instead. To disable deprecation, use _CRT_SECURE_NO_WARNINGS. See online help for details.
                 d:\program files\microsoft visual studio 10.0\vc\include\wchar.h(948) : 参见“_wsplitpath”的声明
         ChatRoom.cpp
         BubleWnd.cpp
         BmpButton.cpp
         AlterPassword.cpp
         正在生成代码...
       ResourceCompile:
         C:\Program Files\Microsoft SDKs\Windows\v7.0A\bin\rc.exe /D _DEBUG /D _UNICODE /D UNICODE /D _AFXDLL /l"0x0804" /IDebug\ /nologo /fo"Debug\FireBird.res" FireBird.rc 
       ManifestResourceCompile:
         C:\Program Files\Microsoft SDKs\Windows\v7.0A\bin\rc.exe /nologo /fo"Debug\FireBird.exe.embed.manifest.res" Debug\FireBird_manifest.rc 
       Link:
         d:\Program Files\Microsoft Visual Studio 10.0\VC\bin\link.exe /ERRORREPORT:PROMPT /OUT:"C:\Users\Administrator\Documents\Visual Studio 2010\Projects\FireBird\Debug\FireBird.exe" /INCREMENTAL /NOLOGO /MANIFEST /ManifestFile:"Debug\FireBird.exe.intermediate.manifest" /MANIFESTUAC:"level='asInvoker' uiAccess='false'" /DEBUG /PDB:"C:\Users\Administrator\Documents\Visual Studio 2010\Projects\FireBird\Debug\FireBird.pdb" /SUBSYSTEM:WINDOWS /TLBID:1 /ENTRY:"wWinMainCRTStartup" /DYNAMICBASE /NXCOMPAT /IMPLIB:"C:\Users\Administrator\Documents\Visual Studio 2010\Projects\FireBird\Debug\FireBird.lib" /MACHINE:X86 Debug\FireBird.res
         Debug\FireBird.exe.embed.manifest.res
         Debug\AlterPassword.obj
         Debug\BmpButton.obj
         Debug\BubleWnd.obj
         Debug\ChatRoom.obj
         Debug\Config.obj
         Debug\DownLoad.obj
         Debug\FindPassword.obj
         Debug\FireBird.obj
         Debug\FireBirdDlg.obj
         Debug\GlobalVariable.obj
         Debug\LoginDlg.obj
         Debug\LogOff.obj
         Debug\MySocket.obj
         Debug\ProcessList.obj
         Debug\RECVPARAM.obj
         Debug\Register.obj
         Debug\SearchDlg.obj
         Debug\stdafx.obj
         Debug\SXBtn.obj
         Debug\UpFile.obj
       Manifest:
         C:\Program Files\Microsoft SDKs\Windows\v7.0A\bin\mt.exe /nologo /verbose /out:"Debug\FireBird.exe.embed.manifest" /manifest Debug\FireBird.exe.intermediate.manifest "d:\Program Files\Microsoft Visual Studio 10.0\VC\Include\Manifest\dpiaware.manifest"
         C:\Program Files\Microsoft SDKs\Windows\v7.0A\bin\rc.exe /nologo /fo"Debug\FireBird.exe.embed.manifest.res" Debug\FireBird_manifest.rc 
       LinkEmbedManifest:
         d:\Program Files\Microsoft Visual Studio 10.0\VC\bin\link.exe /ERRORREPORT:PROMPT /OUT:"C:\Users\Administrator\Documents\Visual Studio 2010\Projects\FireBird\Debug\FireBird.exe" /INCREMENTAL /NOLOGO /MANIFEST /ManifestFile:"Debug\FireBird.exe.intermediate.manifest" /MANIFESTUAC:"level='asInvoker' uiAccess='false'" /DEBUG /PDB:"C:\Users\Administrator\Documents\Visual Studio 2010\Projects\FireBird\Debug\FireBird.pdb" /SUBSYSTEM:WINDOWS /TLBID:1 /ENTRY:"wWinMainCRTStartup" /DYNAMICBASE /NXCOMPAT /IMPLIB:"C:\Users\Administrator\Documents\Visual Studio 2010\Projects\FireBird\Debug\FireBird.lib" /MACHINE:X86 Debug\FireBird.res
         Debug\FireBird.exe.embed.manifest.res
         Debug\AlterPassword.obj
         Debug\BmpButton.obj
         Debug\BubleWnd.obj
         Debug\ChatRoom.obj
         Debug\Config.obj
         Debug\DownLoad.obj
         Debug\FindPassword.obj
         Debug\FireBird.obj
         Debug\FireBirdDlg.obj
         Debug\GlobalVariable.obj
         Debug\LoginDlg.obj
         Debug\LogOff.obj
         Debug\MySocket.obj
         Debug\ProcessList.obj
         Debug\RECVPARAM.obj
         Debug\Register.obj
         Debug\SearchDlg.obj
         Debug\stdafx.obj
         Debug\SXBtn.obj
         Debug\UpFile.obj
         FireBird.vcxproj -> C:\Users\Administrator\Documents\Visual Studio 2010\Projects\FireBird\Debug\FireBird.exe
       FinalizeBuildStatus:
         正在删除文件“Debug\FireBird.unsuccessfulbuild”。
         正在对“Debug\FireBird.lastbuildstate”执行 Touch 任务。
     1>已完成生成项目“C:\Users\Administrator\Documents\Visual Studio 2010\Projects\FireBird\FireBird\FireBird.vcxproj”(build 个目标)的操作。

生成成功。

已用时间 00:00:20.57
